[debug] [2022-07-26T07:41:17.541Z] ----------------------------------------------------------------------
[debug] [2022-07-26T07:41:17.542Z] Command:       /usr/local/bin/firebase /Users/fumiya.oonishi/.cache/firebase/tools/lib/node_modules/firebase-tools/lib/bin/firebase init
[debug] [2022-07-26T07:41:17.543Z] CLI Version:   11.3.0
[debug] [2022-07-26T07:41:17.543Z] Platform:      darwin
[debug] [2022-07-26T07:41:17.543Z] Node Version:  v16.16.0
[debug] [2022-07-26T07:41:17.548Z] Time:          Tue Jul 26 2022 16:41:17 GMT+0900 (GMT+09:00)
[debug] [2022-07-26T07:41:17.548Z] ----------------------------------------------------------------------
[debug] 
[debug] [2022-07-26T07:41:17.561Z] > command requires scopes: ["email","openid","https://www.googleapis.com/auth/cloudplatformprojects.readonly","https://www.googleapis.com/auth/firebase","https://www.googleapis.com/auth/cloud-platform"]
[debug] [2022-07-26T07:41:17.561Z] > authorizing via signed-in user (soccer.14.2.25@gmail.com)
[info] 
     ######## #### ########  ######## ########     ###     ######  ########
     ##        ##  ##     ## ##       ##     ##  ##   ##  ##       ##
     ######    ##  ########  ######   ########  #########  ######  ######
     ##        ##  ##    ##  ##       ##     ## ##     ##       ## ##
     ##       #### ##     ## ######## ########  ##     ##  ######  ########

You're about to initialize a Firebase project in this directory:

  /Users/fumiya.oonishi/git/portfolio/portfolio

[info] 
=== Project Setup
[info] 
[info] First, let's associate this project directory with a Firebase project.
[info] You can create multiple project aliases by running firebase use --add, 
[info] but for now we'll just set up a default project.
[info] 
[debug] [2022-07-26T07:41:28.504Z] >>> [apiv2][query] GET https://firebase.googleapis.com/v1beta1/projects pageSize=100
[debug] [2022-07-26T07:41:29.171Z] <<< [apiv2][status] GET https://firebase.googleapis.com/v1beta1/projects 200
[debug] [2022-07-26T07:41:29.173Z] <<< [apiv2][body] GET https://firebase.googleapis.com/v1beta1/projects [omitted]
[info] i  Using project portfolio-c4a08 (portfolio) 
[info] 
=== Functions Setup
[info] 
[info] A functions directory will be created in your project with sample code
[info] pre-configured. Functions can be deployed with firebase deploy.
[info] 
[debug] [2022-07-26T07:41:37.231Z] > command requires scopes: ["email","openid","https://www.googleapis.com/auth/cloudplatformprojects.readonly","https://www.googleapis.com/auth/firebase","https://www.googleapis.com/auth/cloud-platform"]
[debug] [2022-07-26T07:41:37.232Z] > authorizing via signed-in user (soccer.14.2.25@gmail.com)
[debug] [2022-07-26T07:41:37.232Z] [iam] checking project portfolio-c4a08 for permissions ["firebase.projects.get"]
[debug] [2022-07-26T07:41:37.232Z] >>> [apiv2][query] POST https://cloudresourcemanager.googleapis.com/v1/projects/portfolio-c4a08:testIamPermissions [none]
[debug] [2022-07-26T07:41:37.232Z] >>> [apiv2][body] POST https://cloudresourcemanager.googleapis.com/v1/projects/portfolio-c4a08:testIamPermissions {"permissions":["firebase.projects.get"]}
[debug] [2022-07-26T07:41:37.541Z] <<< [apiv2][status] POST https://cloudresourcemanager.googleapis.com/v1/projects/portfolio-c4a08:testIamPermissions 200
[debug] [2022-07-26T07:41:37.541Z] <<< [apiv2][body] POST https://cloudresourcemanager.googleapis.com/v1/projects/portfolio-c4a08:testIamPermissions {"permissions":["firebase.projects.get"]}
[debug] [2022-07-26T07:41:37.543Z] >>> [apiv2][query] GET https://serviceusage.googleapis.com/v1/projects/portfolio-c4a08/services/cloudfunctions.googleapis.com [none]
[debug] [2022-07-26T07:41:37.551Z] >>> [apiv2][query] GET https://serviceusage.googleapis.com/v1/projects/portfolio-c4a08/services/runtimeconfig.googleapis.com [none]
[debug] [2022-07-26T07:41:38.748Z] <<< [apiv2][status] GET https://serviceusage.googleapis.com/v1/projects/portfolio-c4a08/services/runtimeconfig.googleapis.com 200
[debug] [2022-07-26T07:41:38.751Z] <<< [apiv2][body] GET https://serviceusage.googleapis.com/v1/projects/portfolio-c4a08/services/runtimeconfig.googleapis.com [omitted]
[debug] [2022-07-26T07:41:38.752Z] <<< [apiv2][status] GET https://serviceusage.googleapis.com/v1/projects/portfolio-c4a08/services/cloudfunctions.googleapis.com 200
[debug] [2022-07-26T07:41:38.753Z] <<< [apiv2][body] GET https://serviceusage.googleapis.com/v1/projects/portfolio-c4a08/services/cloudfunctions.googleapis.com [omitted]
[debug] [2022-07-26T07:41:38.754Z] >>> [apiv2][query] POST https://serviceusage.googleapis.com/v1/projects/portfolio-c4a08/services/cloudfunctions.googleapis.com:enable [none]
[debug] [2022-07-26T07:41:40.097Z] <<< [apiv2][status] POST https://serviceusage.googleapis.com/v1/projects/portfolio-c4a08/services/cloudfunctions.googleapis.com:enable 200
[debug] [2022-07-26T07:41:40.097Z] <<< [apiv2][body] POST https://serviceusage.googleapis.com/v1/projects/portfolio-c4a08/services/cloudfunctions.googleapis.com:enable [omitted]
[debug] [2022-07-26T07:41:50.102Z] >>> [apiv2][query] GET https://serviceusage.googleapis.com/v1/projects/portfolio-c4a08/services/cloudfunctions.googleapis.com [none]
[debug] [2022-07-26T07:41:51.258Z] <<< [apiv2][status] GET https://serviceusage.googleapis.com/v1/projects/portfolio-c4a08/services/cloudfunctions.googleapis.com 200
[debug] [2022-07-26T07:41:51.258Z] <<< [apiv2][body] GET https://serviceusage.googleapis.com/v1/projects/portfolio-c4a08/services/cloudfunctions.googleapis.com [omitted]
[info] ✔  Wrote functions/package.json 
[info] ✔  Wrote functions/.eslintrc.js 
[info] ✔  Wrote functions/index.js 
[info] ✔  Wrote functions/.gitignore 
[info] 
=== Hosting Setup
[info] 
[info] Your public directory is the folder (relative to your project directory) that
[info] will contain Hosting assets to be uploaded with firebase deploy. If you
[info] have a build process for your assets, use your build's output directory.
[info] 
[debug] [2022-07-26T07:42:14.018Z] >>> [apiv2][query] GET https://www.gstatic.com/firebasejs/releases.json [none]
[debug] [2022-07-26T07:42:14.123Z] <<< [apiv2][status] GET https://www.gstatic.com/firebasejs/releases.json 200
[debug] [2022-07-26T07:42:14.124Z] <<< [apiv2][body] GET https://www.gstatic.com/firebasejs/releases.json {"current":{"version":"9.9.1","browserURL":"https://www.gstatic.com/firebasejs/9.9.1/firebase.js","packageURL":"https://www.gstatic.com/firebasejs/9.9.1/firebase.tgz"},"live":{"version":"9.9","browserURL":"https://www.gstatic.com/firebasejs/live/9.9/firebase.js","packageURL":"https://www.gstatic.com/firebasejs/live/9.9/firebase.tgz"},"components":{"analytics":"https://www.gstatic.com/firebasejs/9.9.1/firebase-analytics.js","app":"https://www.gstatic.com/firebasejs/9.9.1/firebase-app.js","app-check":"https://www.gstatic.com/firebasejs/9.9.1/firebase-app-check.js","auth":"https://www.gstatic.com/firebasejs/9.9.1/firebase-auth.js","auth/cordova":"https://www.gstatic.com/firebasejs/9.9.1/firebase-auth/cordova.js","auth/react-native":"https://www.gstatic.com/firebasejs/9.9.1/firebase-auth/react-native.js","functions":"https://www.gstatic.com/firebasejs/9.9.1/firebase-functions.js","firestore":"https://www.gstatic.com/firebasejs/9.9.1/firebase-firestore.js","firestore/lite":"https://www.gstatic.com/firebasejs/9.9.1/firebase-firestore/lite.js","installations":"https://www.gstatic.com/firebasejs/9.9.1/firebase-installations.js","storage":"https://www.gstatic.com/firebasejs/9.9.1/firebase-storage.js","performance":"https://www.gstatic.com/firebasejs/9.9.1/firebase-performance.js","remote-config":"https://www.gstatic.com/firebasejs/9.9.1/firebase-remote-config.js","messaging":"https://www.gstatic.com/firebasejs/9.9.1/firebase-messaging.js","messaging/sw":"https://www.gstatic.com/firebasejs/9.9.1/firebase-messaging/sw.js","database":"https://www.gstatic.com/firebasejs/9.9.1/firebase-database.js","firestore.memory":"https://www.gstatic.com/firebasejs/9.9.1/firebase-firestore.memory.js"}}
[info] ✔  Wrote dist/index.html 
[info] 
[info] i  Didn't detect a .git folder. Assuming /Users/fumiya.oonishi/git/portfolio/portfolio is the project root. 
[info] i  Authorizing with GitHub to upload your service account to a GitHub repository's secrets store. 
[info] 
[info] Visit this URL on this device to log in:
[info] https://github.com/login/oauth/authorize?client_id=89cf50f02ac6aaed3484&state=144655443&redirect_uri=http%3A%2F%2Flocalhost%3A9005&scope=read%3Auser%20repo%20public_repo
[info] 
[info] Waiting for authentication...
